#
# There is insufficient memory for the Java Runtime Environment to continue.
# Native memory allocation (mmap) failed to map 130023424 bytes. Error detail: G1 virtual space
# Possible reasons:
#   The system is out of physical RAM or swap space
#   This process is running with CompressedOops enabled, and the Java Heap may be blocking the growth of the native heap
# Possible solutions:
#   Reduce memory load on the system
#   Increase physical memory or swap space
#   Check if swap backing store is full
#   Decrease Java heap size (-Xmx/-Xms)
#   Decrease number of Java threads
#   Decrease Java thread stack sizes (-Xss)
#   Set larger code cache with -XX:ReservedCodeCacheSize=
#   JVM is running with Unscaled Compressed Oops mode in which the Java heap is
#     placed in the first 4GB address space. The Java Heap base address is the
#     maximum limit for the native heap growth. Please use -XX:HeapBaseMinAddress
#     to set the Java Heap base and to place the Java Heap above 4GB virtual address.
# This output file may be truncated or incomplete.
#
#  Out of Memory Error (os_windows.cpp:3703), pid=12916, tid=14144
#
# JRE version:  (23.0.1+11) (build )
# Java VM: OpenJDK 64-Bit Server VM (23.0.1+11-39, mixed mode, sharing, tiered, compressed oops, compressed class ptrs, g1 gc, windows-amd64)
# No core dump will be written. Minidumps are not enabled by default on client versions of Windows
#

---------------  S U M M A R Y ------------

Command Line: org.jetbrains.kotlin.cli.jvm.K2JVMCompiler @D:\PanquesitoXML\app\build\20241220_4026257280319820367.compiler.options

Host: 11th Gen Intel(R) Core(TM) i3-1115G4 @ 3.00GHz, 4 cores, 7G,  Windows 11 , 64 bit Build 26100 (10.0.26100.2454)
Time: Fri Dec 20 15:43:49 2024 Hora estándar central (México) elapsed time: 0.055627 seconds (0d 0h 0m 0s)

---------------  T H R E A D  ---------------

Current thread (0x0000024c61189fb0):  JavaThread "Unknown thread" [_thread_in_vm, id=14144, stack(0x000000d9b2e00000,0x000000d9b2f00000) (1024K)]

Stack: [0x000000d9b2e00000,0x000000d9b2f00000]
Native frames: (J=compiled Java code, j=interpreted, Vv=VM code, C=native code)
V  [jvm.dll+0x6e08b9]  (no source info available)
V  [jvm.dll+0x87dc83]  (no source info available)
V  [jvm.dll+0x88010e]  (no source info available)
V  [jvm.dll+0x8807e3]  (no source info available)
V  [jvm.dll+0x27aee6]  (no source info available)
V  [jvm.dll+0x6dd1c5]  (no source info available)
V  [jvm.dll+0x6d104a]  (no source info available)
V  [jvm.dll+0x35b3ea]  (no source info available)
V  [jvm.dll+0x3637f6]  (no source info available)
V  [jvm.dll+0x34fd5e]  (no source info available)
V  [jvm.dll+0x34fff8]  (no source info available)
V  [jvm.dll+0x3289cc]  (no source info available)
V  [jvm.dll+0x32966e]  (no source info available)
V  [jvm.dll+0x844355]  (no source info available)
V  [jvm.dll+0x3b9848]  (no source info available)
V  [jvm.dll+0x82d14c]  (no source info available)
V  [jvm.dll+0x454d4e]  (no source info available)
V  [jvm.dll+0x456bd1]  (no source info available)
C  [jli.dll+0x52a3]  (no source info available)
C  [ucrtbase.dll+0x14ea0]  (no source info available)
C  [KERNEL32.DLL+0x2e8d7]  (no source info available)
C  [ntdll.dll+0xdfbcc]  (no source info available)

Lock stack of current Java thread (top to bottom):


---------------  P R O C E S S  ---------------

Threads class SMR info:
_java_thread_list=0x00007ffd475c3618, length=0, elements={
}

Java Threads: ( => current thread )
Total: 0

Other Threads:
  0x0000024c6348bd90 WorkerThread "GC Thread#0"                     [id=16780, stack(0x000000d9b2f00000,0x000000d9b3000000) (1024K)]
  0x0000024c634a1120 ConcurrentGCThread "G1 Main Marker"            [id=1720, stack(0x000000d9b3000000,0x000000d9b3100000) (1024K)]
  0x0000024c634a23d0 WorkerThread "G1 Conc#0"                       [id=10804, stack(0x000000d9b3100000,0x000000d9b3200000) (1024K)]

[error occurred during error reporting (printing all threads), id 0xc0000005, EXCEPTION_ACCESS_VIOLATION (0xc0000005) at pc=0x00007ffd46d0bfba]
VM state: not at safepoint (not fully initialized)

VM Mutex/Monitor currently owned by a thread:  ([mutex/lock_event])
[0x00007ffd47643a10] Heap_lock - owner thread: 0x0000024c61189fb0

Heap address: 0x0000000084c00000, size: 1972 MB, Compressed Oops mode: 32-bit

CDS archive(s) mapped at: [0x0000000000000000-0x0000000000000000-0x0000000000000000), size 0, SharedBaseAddress: 0x0000000800000000, ArchiveRelocationMode: 1.
Narrow klass base: 0x0000000000000000, Narrow klass shift: 0, Narrow klass range: 0x0

GC Precious Log:
 CardTable entry size: 512
 Card Set container configuration: InlinePtr #cards 5 size 8 Array Of Cards #cards 10 size 36 Howl #buckets 4 coarsen threshold 1843 Howl Bitmap #cards 512 size 80 coarsen threshold 460 Card regions per heap region 1 cards per card region 2048

Heap:
 garbage-first heap   total reserved 2019328K, committed 0K, used 0K [0x0000000084c00000, 0x0000000100000000)
  region size 1024K, 0 young (0K), 0 survivors (0K)

[error occurred during error reporting (printing heap information), id 0xc0000005, EXCEPTION_ACCESS_VIOLATION (0xc0000005) at pc=0x00007ffd4710c3c9]
GC Heap History (0 events):
No events

Dll operation events (1 events):
Event: 0.013 Loaded shared library C:\Users\cabre\.jdks\openjdk-23.0.1\bin\java.dll

Deoptimization events (0 events):
No events

Classes loaded (0 events):
No events

Classes unloaded (0 events):
No events

Classes redefined (0 events):
No events

Internal exceptions (0 events):
No events

VM Operations (0 events):
No events

Memory protections (0 events):
No events

Nmethod flushes (0 events):
No events

Events (0 events):
No events


Dynamic libraries:
0x00007ff6430d0000 - 0x00007ff6430de000 	C:\Users\cabre\.jdks\openjdk-23.0.1\bin\java.exe
0x00007ffdd1ce0000 - 0x00007ffdd1f43000 	C:\WINDOWS\SYSTEM32\ntdll.dll
0x00007ffdd0b40000 - 0x00007ffdd0c08000 	C:\WINDOWS\System32\KERNEL32.DLL
0x00007ffdcf160000 - 0x00007ffdcf512000 	C:\WINDOWS\System32\KERNELBASE.dll
0x00007ffdcf6a0000 - 0x00007ffdcf7eb000 	C:\WINDOWS\System32\ucrtbase.dll
0x00007ffdbe150000 - 0x00007ffdbe16b000 	C:\Users\cabre\.jdks\openjdk-23.0.1\bin\VCRUNTIME140.dll
0x00007ffdbe030000 - 0x00007ffdbe047000 	C:\Users\cabre\.jdks\openjdk-23.0.1\bin\jli.dll
0x00007ffdcfb40000 - 0x00007ffdcfd08000 	C:\WINDOWS\System32\USER32.dll
0x00007ffdcf7f0000 - 0x00007ffdcf817000 	C:\WINDOWS\System32\win32u.dll
0x00007ffdcfd70000 - 0x00007ffdcfd9a000 	C:\WINDOWS\System32\GDI32.dll
0x00007ffdba260000 - 0x00007ffdba4f0000 	C:\WINDOWS\WinSxS\amd64_microsoft.windows.common-controls_6595b64144ccf1df_6.0.26100.2454_none_3e0b68a2e331ad60\COMCTL32.dll
0x00007ffdd1970000 - 0x00007ffdd1a19000 	C:\WINDOWS\System32\msvcrt.dll
0x00007ffdcf8e0000 - 0x00007ffdcfa0b000 	C:\WINDOWS\System32\gdi32full.dll
0x00007ffdcf0b0000 - 0x00007ffdcf153000 	C:\WINDOWS\System32\msvcp_win.dll
0x00007ffdd1a20000 - 0x00007ffdd1a4f000 	C:\WINDOWS\System32\IMM32.DLL
0x00007ffdc04d0000 - 0x00007ffdc04dc000 	C:\Users\cabre\.jdks\openjdk-23.0.1\bin\vcruntime140_1.dll
0x00007ffd9ef50000 - 0x00007ffd9efde000 	C:\Users\cabre\.jdks\openjdk-23.0.1\bin\msvcp140.dll
0x00007ffd469d0000 - 0x00007ffd4771f000 	C:\Users\cabre\.jdks\openjdk-23.0.1\bin\server\jvm.dll
0x00007ffdcff20000 - 0x00007ffdcffd4000 	C:\WINDOWS\System32\ADVAPI32.dll
0x00007ffdcfe30000 - 0x00007ffdcfed6000 	C:\WINDOWS\System32\sechost.dll
0x00007ffdd01a0000 - 0x00007ffdd02b6000 	C:\WINDOWS\System32\RPCRT4.dll
0x00007ffdd18f0000 - 0x00007ffdd1964000 	C:\WINDOWS\System32\WS2_32.dll
0x00007ffdcec40000 - 0x00007ffdcec8e000 	C:\WINDOWS\SYSTEM32\POWRPROF.dll
0x00007ffdc5940000 - 0x00007ffdc5976000 	C:\WINDOWS\SYSTEM32\WINMM.dll
0x00007ffdc8c20000 - 0x00007ffdc8c2b000 	C:\WINDOWS\SYSTEM32\VERSION.dll
0x00007ffdcec20000 - 0x00007ffdcec34000 	C:\WINDOWS\SYSTEM32\UMPDC.dll
0x00007ffdcdef0000 - 0x00007ffdcdf0a000 	C:\WINDOWS\SYSTEM32\kernel.appcore.dll
0x00007ffdc0140000 - 0x00007ffdc014a000 	C:\Users\cabre\.jdks\openjdk-23.0.1\bin\jimage.dll
0x00007ffdcc8f0000 - 0x00007ffdccb31000 	C:\WINDOWS\SYSTEM32\DBGHELP.DLL
0x00007ffdd0d00000 - 0x00007ffdd107e000 	C:\WINDOWS\System32\combase.dll
0x00007ffdd02c0000 - 0x00007ffdd0396000 	C:\WINDOWS\System32\OLEAUT32.dll
0x00007ffdb2bb0000 - 0x00007ffdb2be9000 	C:\WINDOWS\SYSTEM32\dbgcore.DLL
0x00007ffdcfaa0000 - 0x00007ffdcfb39000 	C:\WINDOWS\System32\bcryptPrimitives.dll
0x00007ffdb83c0000 - 0x00007ffdb83de000 	C:\Users\cabre\.jdks\openjdk-23.0.1\bin\java.dll
0x00007ffdd0000000 - 0x00007ffdd0199000 	C:\WINDOWS\System32\ole32.dll
0x00007ffdd03a0000 - 0x00007ffdd0aa0000 	C:\WINDOWS\System32\SHELL32.dll

dbghelp: loaded successfully - version: 4.0.5 - missing functions: none
symbol engine: initialized successfully - sym options: 0x614 - pdb path: .;C:\Users\cabre\.jdks\openjdk-23.0.1\bin;C:\WINDOWS\SYSTEM32;C:\WINDOWS\WinSxS\amd64_microsoft.windows.common-controls_6595b64144ccf1df_6.0.26100.2454_none_3e0b68a2e331ad60;C:\Users\cabre\.jdks\openjdk-23.0.1\bin\server

VM Arguments:
java_command: org.jetbrains.kotlin.cli.jvm.K2JVMCompiler @D:\PanquesitoXML\app\build\20241220_4026257280319820367.compiler.options
java_class_path (initial): C:\Users\cabre\.gradle\caches\modules-2\files-2.1\org.jetbrains.kotlin\kotlin-compiler-embeddable\1.9.0\2c8c3a7402becca891f12739b3e9fd2dc2adbd7a\kotlin-compiler-embeddable-1.9.0.jar;C:\Users\cabre\.gradle\caches\modules-2\files-2.1\org.jetbrains.kotlin\kotlin-stdlib\1.9.0\8ee15ef0c67dc83d874f412d84378d7f0eb50b63\kotlin-stdlib-1.9.0.jar;C:\Users\cabre\.gradle\caches\modules-2\files-2.1\org.jetbrains.kotlin\kotlin-script-runtime\1.9.0\4b3102cbbb7e1b58d9d1adf89563f00069ffa7d1\kotlin-script-runtime-1.9.0.jar;C:\Users\cabre\.gradle\caches\modules-2\files-2.1\org.jetbrains.kotlin\kotlin-reflect\1.6.10\1cbe9c92c12a94eea200d23c2bbaedaf3daf5132\kotlin-reflect-1.6.10.jar;C:\Users\cabre\.gradle\caches\modules-2\files-2.1\org.jetbrains.kotlin\kotlin-daemon-embeddable\1.9.0\186543f5e28cf8d9a0290fecc2cf34301c40a65c\kotlin-daemon-embeddable-1.9.0.jar;C:\Users\cabre\.gradle\caches\modules-2\files-2.1\org.jetbrains.intellij.deps\trove4j\1.0.20200330\3afb14d5f9ceb459d724e907a21145e8ff394f02\trove4j-1.0.20200330.jar;C:\Users\cabre\.gradle\caches\modules-2\files-2.1\org.jetbrains.kotlin\kotlin-stdlib-common\1.9.0\cd65c21cfd1eec4d44ef09f9f52b6d9f8a720636\kotlin-stdlib-common-1.9.0.jar;C:\Users\cabre\.gradle\caches\modules-2\files-2.1\org.jetbrains\annotations\13.0\919f0dfe192fb4e063e7dacadee7f8bb9a2672a9\annotations-13.0.jar
Launcher Type: SUN_STANDARD

[Global flags]
     intx CICompilerCount                          = 3                                         {product} {ergonomic}
     uint ConcGCThreads                            = 1                                         {product} {ergonomic}
     uint G1ConcRefinementThreads                  = 4                                         {product} {ergonomic}
   size_t G1HeapRegionSize                         = 1048576                                   {product} {ergonomic}
   size_t InitialHeapSize                          = 130023424                                 {product} {ergonomic}
   size_t MarkStackSize                            = 4194304                                   {product} {ergonomic}
   size_t MarkStackSizeMax                         = 536870912                                 {product} {ergonomic}
   size_t MaxHeapSize                              = 2067791872                                {product} {ergonomic}
   size_t MinHeapDeltaBytes                        = 1048576                                   {product} {ergonomic}
   size_t MinHeapSize                              = 8388608                                   {product} {ergonomic}
    uintx NonNMethodCodeHeapSize                   = 5832704                                {pd product} {ergonomic}
    uintx NonProfiledCodeHeapSize                  = 122945536                              {pd product} {ergonomic}
    uintx ProfiledCodeHeapSize                     = 122880000                              {pd product} {ergonomic}
    uintx ReservedCodeCacheSize                    = 251658240                              {pd product} {ergonomic}
     bool SegmentedCodeCache                       = true                                      {product} {ergonomic}
   size_t SoftMaxHeapSize                          = 2067791872                             {manageable} {ergonomic}
     bool UseCompressedOops                        = true                           {product lp64_product} {ergonomic}
     bool UseG1GC                                  = true                                      {product} {ergonomic}
     bool UseLargePagesIndividualAllocation        = false                                  {pd product} {ergonomic}

Logging:
Log output configuration:
 #0: stdout all=warning uptime,level,tags foldmultilines=false
 #1: stderr all=off uptime,level,tags foldmultilines=false

Environment Variables:
PATH=C:\WINDOWS\system32;C:\WINDOWS;C:\WINDOWS\System32\Wbem;C:\WINDOWS\System32\WindowsPowerShell\v1.0\;C:\WINDOWS\System32\OpenSSH\;C:\Users\cabre\AppData\Local\Microsoft\WindowsApps;;D:\IntelliJ IDEA 2024.3.1.1\bin;
USERNAME=cabre
OS=Windows_NT
PROCESSOR_IDENTIFIER=Intel64 Family 6 Model 140 Stepping 1, GenuineIntel
TMP=C:\Users\cabre\AppData\Local\Temp
TEMP=C:\Users\cabre\AppData\Local\Temp




Periodic native trim disabled

---------------  S Y S T E M  ---------------

OS:
 Windows 11 , 64 bit Build 26100 (10.0.26100.2454)
OS uptime: 0 days 1:52 hours

CPU: total 4 (initial active 4) (2 cores per cpu, 2 threads per core) family 6 model 140 stepping 1 microcode 0xa6, cx8, cmov, fxsr, ht, mmx, 3dnowpref, sse, sse2, sse3, ssse3, sse4.1, sse4.2, popcnt, lzcnt, tsc, tscinvbit, avx, avx2, aes, erms, clmul, bmi1, bmi2, adx, avx512f, avx512dq, avx512cd, avx512bw, avx512vl, sha, fma, vzeroupper, avx512_vpopcntdq, avx512_vpclmulqdq, avx512_vaes, avx512_vnni, clflush, clflushopt, clwb, avx512_vbmi2, avx512_vbmi, rdtscp, rdpid, fsrm, gfni, avx512_bitalg, f16c, pku, cet_ibt, cet_ss, avx512_ifma
Processor Information for the first 4 processors :
  Max Mhz: 2995, Current Mhz: 2995, Mhz Limit: 2995

Memory: 4k page, system-wide physical 7886M (558M free)
TotalPageFile size 22943M (AvailPageFile size 4M)
current process WorkingSet (physical memory assigned to process): 13M, peak: 13M
current process commit charge ("private bytes"): 52M, peak: 176M

vm_info: OpenJDK 64-Bit Server VM (23.0.1+11-39) for windows-amd64 JRE (23.0.1+11-39), built on 2024-09-30T07:20:43Z with MS VC++ 17.6 (VS2022)

END.
